<?xml version="1.0" encoding="UTF-8"?>
<testsuite xmlns:xsi="http://www.w3.org/2001/XMLSchema-instance" xsi:noNamespaceSchemaLocation="https://maven.apache.org/surefire/maven-surefire-plugin/xsd/surefire-test-report.xsd" name="TestSuite" time="64.892" tests="7" errors="0" skipped="0" failures="1">
  <properties>
[...]
</properties>
  <testcase name="login" classname="com.wbl.test.LoginPageTest" time="1.015"/>
  <testcase name="login" classname="com.wbl.test.LoginPageTest" time="0.808"/>
  <testcase name="login" classname="com.wbl.test.LoginPageTest" time="0.846"/>
  <testcase name="login" classname="com.wbl.test.LoginPageTest" time="0.647"/>
  <testcase name="slideCount" classname="com.wbl.test.HomePageTest" time="0.071"/>
  <testcase name="verifylogo" classname="com.wbl.test.HomePageTest" time="0.127">
    <failure message="expected [false] but found [true]" type="java.lang.AssertionError">java.lang.AssertionError: expected [false] but found [true]
	at com.wbl.test.HomePageTest.verifylogo(HomePageTest.java:22)
</failure>
    <system-err><![CDATA[Starting ChromeDriver 93.0.4577.63 (ff5c0da2ec0adeaed5550e6c7e98417dac77d98a-refs/branch-heads/4577@{#1135}) on port 5820
Only local connections are allowed.
Please see https://chromedriver.chromium.org/security-considerations for suggestions on keeping ChromeDriver safe.
ChromeDriver was started successfully.
[1635388391.282][WARNING]: This version of ChromeDriver has not been tested with Chrome version 94.
Oct 27, 2021 7:33:11 PM org.openqa.selenium.remote.ProtocolHandshake createSession
INFO: Detected dialect: W3C
]]></system-err>
  </testcase>
  <testcase name="Register" classname="com.wbl.test.RegisterPageTest" time="0.99"/>
</testsuite>