<?xml version="1.0" encoding="UTF-8"?>
<testng-results ignored="2" total="9" passed="6" failed="1" skipped="0">
  <reporter-output>
  </reporter-output>
  <suite started-at="2021-10-07T22:29:19Z" name="Suite" finished-at="2021-10-07T22:30:13Z" duration-ms="53916">
    <groups>
      <group name="regression">
        <method signature="HomePageTest.verifylogo()[pri:0, instance:com.wbl.test.HomePageTest@19e7a160]" name="verifylogo" class="com.wbl.test.HomePageTest"/>
        <method signature="LoginPageTest.login(java.lang.String, java.lang.String)[pri:0, instance:com.wbl.test.LoginPageTest@7674b62c]" name="login" class="com.wbl.test.LoginPageTest"/>
      </group> <!-- regression -->
      <group name="sanity">
        <method signature="HomePageTest.slideCount()[pri:0, instance:com.wbl.test.HomePageTest@19e7a160]" name="slideCount" class="com.wbl.test.HomePageTest"/>
        <method signature="RegisterPageTest.Register()[pri:0, instance:com.wbl.test.RegisterPageTest@662706a7]" name="Register" class="com.wbl.test.RegisterPageTest"/>
      </group> <!-- sanity -->
    </groups>
    <test started-at="2021-10-07T22:29:19Z" name="Test" finished-at="2021-10-07T22:30:13Z" duration-ms="53916">
      <class name="com.wbl.test.RegisterPageTest">
        <test-method is-config="true" signature="setUp()[pri:0, instance:com.wbl.test.RegisterPageTest@662706a7]" started-at="2021-10-07T22:30:06Z" name="setUp" finished-at="2021-10-07T22:30:11Z" duration-ms="5621" status="PASS">
          <reporter-output>
          </reporter-output>
        </test-method> <!-- setUp -->
        <test-method signature="Register()[pri:0, instance:com.wbl.test.RegisterPageTest@662706a7]" started-at="2021-10-07T22:30:11Z" name="Register" finished-at="2021-10-07T22:30:12Z" duration-ms="1264" status="PASS">
          <reporter-output>
          </reporter-output>
        </test-method> <!-- Register -->
        <test-method is-config="true" signature="teardown(org.testng.ITestResult)[pri:0, instance:com.wbl.test.RegisterPageTest@662706a7]" started-at="2021-10-07T22:30:12Z" name="teardown" finished-at="2021-10-07T22:30:13Z" duration-ms="765" status="PASS">
          <params>
            <param index="0">
              <value>
                <![CDATA[[TestResult name=Register status=SUCCESS method=RegisterPageTest.Register()[pri:0, instance:com.wbl.test.RegisterPageTest@662706a7] output={null}]]]>
              </value>
            </param>
          </params>
          <reporter-output>
          </reporter-output>
        </test-method> <!-- teardown -->
      </class> <!-- com.wbl.test.RegisterPageTest -->
      <class name="com.wbl.test.HomePageTest">
        <test-method is-config="true" signature="setUp()[pri:0, instance:com.wbl.test.HomePageTest@19e7a160]" started-at="2021-10-07T22:29:52Z" name="setUp" finished-at="2021-10-07T22:29:57Z" duration-ms="5445" status="PASS">
          <reporter-output>
          </reporter-output>
        </test-method> <!-- setUp -->
        <test-method signature="slideCount()[pri:0, instance:com.wbl.test.HomePageTest@19e7a160]" started-at="2021-10-07T22:29:57Z" name="slideCount" finished-at="2021-10-07T22:29:57Z" duration-ms="62" status="PASS">
          <reporter-output>
          </reporter-output>
        </test-method> <!-- slideCount -->
        <test-method is-config="true" signature="teardown(org.testng.ITestResult)[pri:0, instance:com.wbl.test.HomePageTest@19e7a160]" started-at="2021-10-07T22:29:57Z" name="teardown" finished-at="2021-10-07T22:29:58Z" duration-ms="754" status="PASS">
          <params>
            <param index="0">
              <value>
                <![CDATA[[TestResult name=slideCount status=SUCCESS method=HomePageTest.slideCount()[pri:0, instance:com.wbl.test.HomePageTest@19e7a160] output={null}]]]>
              </value>
            </param>
          </params>
          <reporter-output>
          </reporter-output>
        </test-method> <!-- teardown -->
        <test-method is-config="true" signature="setUp()[pri:0, instance:com.wbl.test.HomePageTest@19e7a160]" started-at="2021-10-07T22:29:58Z" name="setUp" finished-at="2021-10-07T22:30:04Z" duration-ms="6159" status="PASS">
          <reporter-output>
          </reporter-output>
        </test-method> <!-- setUp -->
        <test-method signature="verifylogo()[pri:0, instance:com.wbl.test.HomePageTest@19e7a160]" started-at="2021-10-07T22:30:04Z" name="verifylogo" finished-at="2021-10-07T22:30:04Z" depends-on-methods="com.wbl.test.HomePageTest.slideCount" duration-ms="144" status="FAIL">
          <exception class="java.lang.AssertionError">
            <message>
              <![CDATA[expected [false] but found [true]]]>
            </message>
            <full-stacktrace>
              <![CDATA[java.lang.AssertionError: expected [false] but found [true]
at org.testng.Assert.fail(Assert.java:96)
at org.testng.Assert.failNotEquals(Assert.java:776)
at org.testng.Assert.assertEqualsImpl(Assert.java:137)
at org.testng.Assert.assertEquals(Assert.java:118)
at org.testng.Assert.assertEquals(Assert.java:568)
at org.testng.Assert.assertEquals(Assert.java:578)
at com.wbl.test.HomePageTest.verifylogo(HomePageTest.java:22)
at java.base/jdk.internal.reflect.NativeMethodAccessorImpl.invoke0(Native Method)
at java.base/jdk.internal.reflect.NativeMethodAccessorImpl.invoke(NativeMethodAccessorImpl.java:64)
at java.base/jdk.internal.reflect.DelegatingMethodAccessorImpl.invoke(DelegatingMethodAccessorImpl.java:43)
at java.base/java.lang.reflect.Method.invoke(Method.java:564)
at org.testng.internal.MethodInvocationHelper.invokeMethod(MethodInvocationHelper.java:124)
at org.testng.internal.Invoker.invokeMethod(Invoker.java:583)
at org.testng.internal.Invoker.invokeTestMethod(Invoker.java:719)
at org.testng.internal.Invoker.invokeTestMethods(Invoker.java:989)
at org.testng.internal.TestMethodWorker.invokeTestMethods(TestMethodWorker.java:125)
at org.testng.internal.TestMethodWorker.run(TestMethodWorker.java:109)
at org.testng.TestRunner.privateRun(TestRunner.java:648)
at org.testng.TestRunner.run(TestRunner.java:505)
at org.testng.SuiteRunner.runTest(SuiteRunner.java:455)
at org.testng.SuiteRunner.runSequentially(SuiteRunner.java:450)
at org.testng.SuiteRunner.privateRun(SuiteRunner.java:415)
at org.testng.SuiteRunner.run(SuiteRunner.java:364)
at org.testng.SuiteRunnerWorker.runSuite(SuiteRunnerWorker.java:52)
at org.testng.SuiteRunnerWorker.run(SuiteRunnerWorker.java:84)
at org.testng.TestNG.runSuitesSequentially(TestNG.java:1208)
at org.testng.TestNG.runSuitesLocally(TestNG.java:1137)
at org.testng.TestNG.runSuites(TestNG.java:1049)
at org.testng.TestNG.run(TestNG.java:1017)
at org.testng.remote.AbstractRemoteTestNG.run(AbstractRemoteTestNG.java:115)
at org.testng.remote.RemoteTestNG.initAndRun(RemoteTestNG.java:251)
at org.testng.remote.RemoteTestNG.main(RemoteTestNG.java:77)
]]>
            </full-stacktrace>
          </exception> <!-- java.lang.AssertionError -->
          <reporter-output>
          </reporter-output>
        </test-method> <!-- verifylogo -->
        <test-method is-config="true" signature="teardown(org.testng.ITestResult)[pri:0, instance:com.wbl.test.HomePageTest@19e7a160]" started-at="2021-10-07T22:30:04Z" name="teardown" finished-at="2021-10-07T22:30:06Z" duration-ms="1193" status="PASS">
          <params>
            <param index="0">
              <value>
                <![CDATA[[TestResult name=verifylogo status=FAILURE method=HomePageTest.verifylogo()[pri:0, instance:com.wbl.test.HomePageTest@19e7a160] output={null}]]]>
              </value>
            </param>
          </params>
          <reporter-output>
          </reporter-output>
        </test-method> <!-- teardown -->
      </class> <!-- com.wbl.test.HomePageTest -->
      <class name="com.wbl.test.LoginPageTest">
        <test-method is-config="true" signature="beforeSuite()[pri:0, instance:com.wbl.test.LoginPageTest@7674b62c]" started-at="2021-10-07T22:29:19Z" name="beforeSuite" finished-at="2021-10-07T22:29:19Z" duration-ms="15" status="PASS">
          <reporter-output>
          </reporter-output>
        </test-method> <!-- beforeSuite -->
        <test-method is-config="true" signature="setUp()[pri:0, instance:com.wbl.test.LoginPageTest@7674b62c]" started-at="2021-10-07T22:29:21Z" name="setUp" finished-at="2021-10-07T22:29:28Z" duration-ms="6753" status="PASS">
          <reporter-output>
          </reporter-output>
        </test-method> <!-- setUp -->
        <test-method signature="login(java.lang.String, java.lang.String)[pri:0, instance:com.wbl.test.LoginPageTest@7674b62c]" started-at="2021-10-07T22:29:28Z" name="login" data-provider="loginData" finished-at="2021-10-07T22:29:29Z" duration-ms="879" status="PASS">
          <params>
            <param index="0">
              <value>
                <![CDATA[suneetha.vemulapalli@hotmail.com]]>
              </value>
            </param>
            <param index="1">
              <value>
                <![CDATA[SanRamon2021]]>
              </value>
            </param>
          </params>
          <reporter-output>
          </reporter-output>
        </test-method> <!-- login -->
        <test-method is-config="true" signature="teardown(org.testng.ITestResult)[pri:0, instance:com.wbl.test.LoginPageTest@7674b62c]" started-at="2021-10-07T22:29:29Z" name="teardown" finished-at="2021-10-07T22:29:29Z" duration-ms="769" status="PASS">
          <params>
            <param index="0">
              <value>
                <![CDATA[[TestResult name=login status=SUCCESS method=LoginPageTest.login(java.lang.String, java.lang.String)[pri:0, instance:com.wbl.test.LoginPageTest@7674b62c] output={null}]]]>
              </value>
            </param>
          </params>
          <reporter-output>
          </reporter-output>
        </test-method> <!-- teardown -->
        <test-method is-config="true" signature="setUp()[pri:0, instance:com.wbl.test.LoginPageTest@7674b62c]" started-at="2021-10-07T22:29:29Z" name="setUp" finished-at="2021-10-07T22:29:35Z" duration-ms="5843" status="PASS">
          <reporter-output>
          </reporter-output>
        </test-method> <!-- setUp -->
        <test-method signature="login(java.lang.String, java.lang.String)[pri:0, instance:com.wbl.test.LoginPageTest@7674b62c]" started-at="2021-10-07T22:29:35Z" name="login" data-provider="loginData" finished-at="2021-10-07T22:29:36Z" duration-ms="1074" status="PASS">
          <params>
            <param index="0">
              <value>
                <![CDATA[Murali.vemulapalli@hotmail.com]]>
              </value>
            </param>
            <param index="1">
              <value>
                <![CDATA[SanRamon2021]]>
              </value>
            </param>
          </params>
          <reporter-output>
          </reporter-output>
        </test-method> <!-- login -->
        <test-method is-config="true" signature="teardown(org.testng.ITestResult)[pri:0, instance:com.wbl.test.LoginPageTest@7674b62c]" started-at="2021-10-07T22:29:36Z" name="teardown" finished-at="2021-10-07T22:29:37Z" duration-ms="759" status="PASS">
          <params>
            <param index="0">
              <value>
                <![CDATA[[TestResult name=login status=SUCCESS method=LoginPageTest.login(java.lang.String, java.lang.String)[pri:0, instance:com.wbl.test.LoginPageTest@7674b62c] output={null}]]]>
              </value>
            </param>
          </params>
          <reporter-output>
          </reporter-output>
        </test-method> <!-- teardown -->
        <test-method is-config="true" signature="setUp()[pri:0, instance:com.wbl.test.LoginPageTest@7674b62c]" started-at="2021-10-07T22:29:37Z" name="setUp" finished-at="2021-10-07T22:29:43Z" duration-ms="5862" status="PASS">
          <reporter-output>
          </reporter-output>
        </test-method> <!-- setUp -->
        <test-method signature="login(java.lang.String, java.lang.String)[pri:0, instance:com.wbl.test.LoginPageTest@7674b62c]" started-at="2021-10-07T22:29:43Z" name="login" data-provider="loginData" finished-at="2021-10-07T22:29:44Z" duration-ms="941" status="PASS">
          <params>
            <param index="0">
              <value>
                <![CDATA[aditya.vemulapalli@hotmail.com]]>
              </value>
            </param>
            <param index="1">
              <value>
                <![CDATA[SanRamon2021]]>
              </value>
            </param>
          </params>
          <reporter-output>
          </reporter-output>
        </test-method> <!-- login -->
        <test-method is-config="true" signature="teardown(org.testng.ITestResult)[pri:0, instance:com.wbl.test.LoginPageTest@7674b62c]" started-at="2021-10-07T22:29:44Z" name="teardown" finished-at="2021-10-07T22:29:45Z" duration-ms="762" status="PASS">
          <params>
            <param index="0">
              <value>
                <![CDATA[[TestResult name=login status=SUCCESS method=LoginPageTest.login(java.lang.String, java.lang.String)[pri:0, instance:com.wbl.test.LoginPageTest@7674b62c] output={null}]]]>
              </value>
            </param>
          </params>
          <reporter-output>
          </reporter-output>
        </test-method> <!-- teardown -->
        <test-method is-config="true" signature="setUp()[pri:0, instance:com.wbl.test.LoginPageTest@7674b62c]" started-at="2021-10-07T22:29:45Z" name="setUp" finished-at="2021-10-07T22:29:50Z" duration-ms="5375" status="PASS">
          <reporter-output>
          </reporter-output>
        </test-method> <!-- setUp -->
        <test-method signature="login(java.lang.String, java.lang.String)[pri:0, instance:com.wbl.test.LoginPageTest@7674b62c]" started-at="2021-10-07T22:29:50Z" name="login" data-provider="loginData" finished-at="2021-10-07T22:29:51Z" duration-ms="1004" status="PASS">
          <params>
            <param index="0">
              <value>
                <![CDATA[vemulapallimk@hotmail.com]]>
              </value>
            </param>
            <param index="1">
              <value>
                <![CDATA[SanRamon2021]]>
              </value>
            </param>
          </params>
          <reporter-output>
          </reporter-output>
        </test-method> <!-- login -->
        <test-method is-config="true" signature="teardown(org.testng.ITestResult)[pri:0, instance:com.wbl.test.LoginPageTest@7674b62c]" started-at="2021-10-07T22:29:51Z" name="teardown" finished-at="2021-10-07T22:29:52Z" duration-ms="746" status="PASS">
          <params>
            <param index="0">
              <value>
                <![CDATA[[TestResult name=login status=SUCCESS method=LoginPageTest.login(java.lang.String, java.lang.String)[pri:0, instance:com.wbl.test.LoginPageTest@7674b62c] output={null}]]]>
              </value>
            </param>
          </params>
          <reporter-output>
          </reporter-output>
        </test-method> <!-- teardown -->
      </class> <!-- com.wbl.test.LoginPageTest -->
    </test> <!-- Test -->
  </suite> <!-- Suite -->
</testng-results>
